-- The C compiler identification is GNU 8.3.1
-- The CXX compiler identification is GNU 4.8.5
-- Detecting C compiler ABI info
-- Detecting C compiler ABI info - done
-- Check for working C compiler: /usr/bin/cc - skipped
-- Detecting C compile features
-- Detecting C compile features - done
-- Detecting CXX compiler ABI info
-- Detecting CXX compiler ABI info - done
-- Check for working CXX compiler: /usr/bin/c++ - skipped
-- Detecting CXX compile features
-- Detecting CXX compile features - done
-- Found OpenSSL: /usr/lib64/libcrypto.so (found version "1.0.2k")  
-- XXXXXXXXXXXXXXXXXXXXXXXXXXXX      libpath-NOTFOUND
-- ***************************required libSlog library but not found!
-- Configuring done
-- Generating done
-- Build files have been written to: /home/gaosm/tmp/inforefiner-model/build
[  6%] Building CXX object CMakeFiles/server-test3.dir/Sources/server-test3.cc.o
[ 12%] Building CXX object Lib/CMakeFiles/Slog.dir/Slog.cc.o
[ 18%] Building CXX object CMakeFiles/main.dir/model/LinearRegression.cc.o
[ 31%] Building CXX object Lib/CMakeFiles/Slog_static.dir/Slog.cc.o
[ 25%] Building CXX object CMakeFiles/main.dir/main.cpp.o
[ 37%] Building CXX object CMakeFiles/server-test3.dir/Lib/Slog.cc.o
