文件路径/home/gaosm/tmp/inforefiner-model/build
[LightGBM] [Fatal] Could not open /home/gaosm/tmp/inforefiner-model/model-data/LightGBM_model_failure_rate.txt
Load Model success ... !
log4cplus:ERROR No appenders could be found for logger (root).
log4cplus:ERROR Please initialize the log4cplus system properly.
predict begin ******** 2023-02-16 10/17/34
json_data size :
 = = = = = = = = = = = = 65278.1
 = = = = = = = = = = = = 40.85
 = = = = = = = = = = = = 1437.54
predict finish ******** 2023-02-16 10/17/34
predict begin ******** 2023-02-16 10/18/39
json_data size :
 = = = = = = = = = = = = 46095.5
 = = = = = = = = = = = = 6.14815
 = = = = = = = = = = = = 7611.98
predict finish ******** 2023-02-16 10/18/39
predict begin ******** 2023-02-16 10/18/49
json_data size :
 = = = = = = = = = = = = 92917.9
 = = = = = = = = = = = = 6.47368
 = = = = = = = = = = = = 10947.5
predict finish ******** 2023-02-16 10/18/49
predict begin ******** 2023-02-16 10/18/54
json_data size :
 = = = = = = = = = = = = -nan
 = = = = = = = = = = = = -nan
 = = = = = = = = = = = = -nan
predict finish ******** 2023-02-16 10/18/54
predict begin ******** 2023-02-16 10/19/ 0
json_data size :
 = = = = = = = = = = = = -nan
 = = = = = = = = = = = = -nan
 = = = = = = = = = = = = -nan
predict finish ******** 2023-02-16 10/19/ 0
predict begin ******** 2023-02-16 10/19/ 5
json_data size :
 = = = = = = = = = = = = 83221.3
 = = = = = = = = = = = = 5.83333
 = = = = = = = = = = = = 19445.1
predict finish ******** 2023-02-16 10/19/ 5
predict begin ******** 2023-02-16 10/19/55
json_data size :
 = = = = = = = = = = = = 83221.3
 = = = = = = = = = = = = 5.83333
 = = = = = = = = = = = = 19445.1
predict finish ******** 2023-02-16 10/19/55
predict begin ******** 2023-02-16 10/19/59
json_data size :
 = = = = = = = = = = = = 83221.3
 = = = = = = = = = = = = 5.83333
 = = = = = = = = = = = = 19445.1
predict finish ******** 2023-02-16 10/19/59
predict begin ******** 2023-02-16 10/20/ 5
json_data size :
 = = = = = = = = = = = = 65278.1
 = = = = = = = = = = = = 40.85
 = = = = = = = = = = = = 1437.54
predict finish ******** 2023-02-16 10/20/ 5
predict begin ******** 2023-02-16 10/20/20
json_data size :
 = = = = = = = = = = = = 65278.1
 = = = = = = = = = = = = 40.85
 = = = = = = = = = = = = 1437.54
predict finish ******** 2023-02-16 10/20/20
predict begin ******** 2023-02-16 10/20/24
json_data size :
 = = = = = = = = = = = = 65278.1
 = = = = = = = = = = = = 40.85
 = = = = = = = = = = = = 1437.54
predict finish ******** 2023-02-16 10/20/24
predict begin ******** 2023-02-16 10/20/27
json_data size :
 = = = = = = = = = = = = 65278.1
 = = = = = = = = = = = = 40.85
 = = = = = = = = = = = = 1437.54
predict finish ******** 2023-02-16 10/20/27
predict begin ******** 2023-02-16 10/28/43
json_data size :
 = = = = = = = = = = = = 65278.1
 = = = = = = = = = = = = 40.85
 = = = = = = = = = = = = 1437.54
predict finish ******** 2023-02-16 10/28/43
predict begin ******** 2023-02-16 10/28/45
json_data size :
 = = = = = = = = = = = = 65278.1
 = = = = = = = = = = = = 40.85
 = = = = = = = = = = = = 1437.54
predict finish ******** 2023-02-16 10/28/45
predict begin ******** 2023-02-16 10/32/52
json_data size :
 = = = = = = = = = = = = 65278.1
 = = = = = = = = = = = = 40.85
 = = = = = = = = = = = = 1437.54
predict finish ******** 2023-02-16 10/32/52
predict begin ******** 2023-02-16 10/33/51
json_data size :
 = = = = = = = = = = = = 65278.1
 = = = = = = = = = = = = 40.85
 = = = = = = = = = = = = 1437.54
predict finish ******** 2023-02-16 10/33/51
predict begin ******** 2023-02-16 10/34/44
---------------------------------------------------> 1
out &&&&&                                 ---- ---------------- 
out &&&&&1.30436e+07
predict finish ******** 2023-02-16 10/34/44
predict begin ******** 2023-02-16 10/34/46
json_data size :
 = = = = = = = = = = = = 46095.5
 = = = = = = = = = = = = 6.14815
 = = = = = = = = = = = = 7611.98
predict finish ******** 2023-02-16 10/34/46
predict begin ******** 2023-02-16 10/34/53
json_data size :
 = = = = = = = = = = = = 92917.9
 = = = = = = = = = = = = 6.47368
 = = = = = = = = = = = = 10947.5
predict finish ******** 2023-02-16 10/34/53
predict begin ******** 2023-02-16 10/35/ 6
json_data size :
 = = = = = = = = = = = = 65278.1
 = = = = = = = = = = = = 40.85
 = = = = = = = = = = = = 1437.54
predict finish ******** 2023-02-16 10/35/ 6
predict begin ******** 2023-02-16 10/37/15
---------------------------------------------------> 1
out &&&&&                                 ---- ---------------- 
out &&&&&1.30436e+07
predict finish ******** 2023-02-16 10/37/15
predict begin ******** 2023-02-16 10/37/42
json_data size :
 = = = = = = = = = = = = 65278.1
 = = = = = = = = = = = = 40.85
 = = = = = = = = = = = = 1437.54
predict finish ******** 2023-02-16 10/37/42
predict begin ******** 2023-02-16 10/38/ 6
json_data size :
 = = = = = = = = = = = = 92917.9
 = = = = = = = = = = = = 6.47368
 = = = = = = = = = = = = 10947.5
predict finish ******** 2023-02-16 10/38/ 6
predict begin ******** 2023-02-16 10/38/ 9
json_data size :
 = = = = = = = = = = = = 65278.1
 = = = = = = = = = = = = 40.85
 = = = = = = = = = = = = 1437.54
predict finish ******** 2023-02-16 10/38/ 9
predict begin ******** 2023-02-16 10/38/ 9
json_data size :
 = = = = = = = = = = = = 92917.9
 = = = = = = = = = = = = 6.47368
 = = = = = = = = = = = = 10947.5
predict finish ******** 2023-02-16 10/38/ 9
predict begin ******** 2023-02-16 10/38/21
json_data size :
 = = = = = = = = = = = = 65278.1
 = = = = = = = = = = = = 40.85
 = = = = = = = = = = = = 1437.54
predict finish ******** 2023-02-16 10/38/21
predict begin ******** 2023-02-16 10/38/37
json_data size :
 = = = = = = = = = = = = 65278.1
 = = = = = = = = = = = = 40.85
 = = = = = = = = = = = = 1437.54
predict finish ******** 2023-02-16 10/38/37
predict begin ******** 2023-02-16 10/38/42
json_data size :
 = = = = = = = = = = = = 65278.1
 = = = = = = = = = = = = 40.85
 = = = = = = = = = = = = 1437.54
